This is pdfTeX, Version 3.1415926-2.4-1.40.13 (TeX Live 2012/Debian) (format=latex 2013.11.6)  20 DEC 2013 11:33
entering extended mode
 restricted \write18 enabled.
 %&-line parsing enabled.
**definitionen.aux
(./definitionen.aux
LaTeX2e <2011/06/27>
Babel <v3.8m> and hyphenation patterns for english, dumylang, nohyphenation, et
hiopic, farsi, arabic, pinyin, croatian, bulgarian, ukrainian, russian, slovak,
 czech, danish, dutch, usenglishmax, ukenglish, finnish, french, basque, ngerma
n, german, swissgerman, ngerman-x-2012-05-30, german-x-2012-05-30, monogreek, g
reek, ibycus, ancientgreek, hungarian, bengali, tamil, hindi, telugu, gujarati,
 sanskrit, malayalam, kannada, assamese, marathi, oriya, panjabi, italian, lati
n, latvian, lithuanian, mongolian, mongolianlmc, nynorsk, bokmal, indonesian, e
speranto, coptic, welsh, irish, interlingua, serbian, serbianc, slovenian, friu
lan, romansh, estonian, romanian, armenian, uppersorbian, turkish, afrikaans, i
celandic, kurmanji, polish, portuguese, galician, catalan, spanish, swedish, th
ai, loaded.
! You can't use `\spacefactor' in vertical mode.
\@->\spacefactor 
                 \@m 
l.2 \@
      writefile{toc}{\contentsline {chapter}{\numberline {2}Definitionen}{6}...
Sorry, but I'm not programmed to handle this case;
I'll just pretend that you didn't ask for it.
If you're in the wrong mode, you might be able to
return to the right one by typing `I}' or `I$' or `I\par'.

! Missing $ inserted.
<inserted text> 
                $
l.2 \@
      writefile{toc}{\contentsline {chapter}{\numberline {2}Definitionen}{6}...
I've inserted a begin-math/end-math symbol since I think
you left one out. Proceed, with fingers crossed.


! LaTeX Error: Missing \begin{document}.

See the LaTeX manual or LaTeX Companion for explanation.
Type  H <return>  for immediate help.
 ...                                              
                                                  
l.2 \@
      writefile{toc}{\contentsline {chapter}{\numberline {2}Definitionen}{6}...

You're in trouble here.  Try typing  <return>  to proceed.
If that doesn't work, type  X <return>  to quit.

LaTeX Font Info:    External font `cmex10' loaded for size
(Font)              <7> on input line 2.
LaTeX Font Info:    External font `cmex10' loaded for size
(Font)              <5> on input line 2.
Missing character: There is no 2 in font nullfont!
! You can't use `\spacefactor' in math mode.
\@->\spacefactor 
                 \@m 
l.3 \@
      writefile{lof}{\addvspace {10\p@ }}
Sorry, but I'm not programmed to handle this case;
I'll just pretend that you didn't ask for it.
If you're in the wrong mode, you might be able to
return to the right one by typing `I}' or `I$' or `I\par'.


! LaTeX Error: Something's wrong--perhaps a missing \item.

See the LaTeX manual or LaTeX Companion for explanation.
Type  H <return>  for immediate help.
 ...                                              
                                                  
l.3 \@writefile{lof}{\addvspace {10\p@ }
                                        }
Try typing  <return>  to proceed.
If that doesn't work, type  X <return>  to quit.

! You can't use `\spacefactor' in math mode.
\@->\spacefactor 
                 \@m 
l.4 \@
      writefile{lot}{\addvspace {10\p@ }}
Sorry, but I'm not programmed to handle this case;
I'll just pretend that you didn't ask for it.
If you're in the wrong mode, you might be able to
return to the right one by typing `I}' or `I$' or `I\par'.


! LaTeX Error: Something's wrong--perhaps a missing \item.

See the LaTeX manual or LaTeX Companion for explanation.
Type  H <return>  for immediate help.
 ...                                              
                                                  
l.4 \@writefile{lot}{\addvspace {10\p@ }
                                        }
Try typing  <return>  to proceed.
If that doesn't work, type  X <return>  to quit.

! Undefined control sequence.
<argument> r@Planarit\IeC 
                          {\"a}t
l.8 ...7}{Planarit√§t\relax }{definitioncont.4}{}}
                                                  
The control sequence at the end of the top line
of your error message was never \def'ed. If you have
misspelled it (e.g., `\hobx'), type `I' and the correct
spelling (e.g., `I\hbox'). Otherwise just continue,
and I'll forget about whatever was undefined.

! Missing \endcsname inserted.
<to be read again> 
                   \protect 
l.8 ...7}{Planarit√§t\relax }{definitioncont.4}{}}
                                                  
The control sequence marked <to be read again> should
not appear between \csname and \endcsname.


LaTeX Warning: Command \" invalid in math mode on input line 8.


LaTeX Warning: Command \" invalid in math mode on input line 8.

LaTeX Font Info:    Try loading font information for +cmr on input line 8.
LaTeX Font Info:    No file cmr.fd. on input line 8.

LaTeX Font Warning: Font shape `/cmr/m/n' undefined
(Font)              using `/cmr/m/n' instead on input line 8.

! Corrupted NFSS tables.
wrong@fontshape ...message {Corrupted NFSS tables}
                                                  error@fontshape else let f...
l.8 ...7}{Planarit√§t\relax }{definitioncont.4}{}}
                                                  
This error message was generated by an \errmessage
command, so I can't give any explicit help.
Pretend that you're Hercule Poirot: Examine all clues,
and deduce the truth by order and method.


LaTeX Font Warning: Font shape `/cmr/m/n' undefined
(Font)              using `OT1/cmr/m/n' instead on input line 8.

! Please use \mathaccent for accents in math mode.
\add@accent ...@spacefactor \spacefactor }\accent 
                                                  #1 #2\egroup \spacefactor ...
l.8 ...7}{Planarit√§t\relax }{definitioncont.4}{}}
                                                  
I'm changing \accent to \mathaccent here; wish me luck.
(Accents are not the same in formulas as they are in text.)

! Missing { inserted.
<to be read again> 
                   \edef 
l.8 ...7}{Planarit√§t\relax }{definitioncont.4}{}}
                                                  
A left brace was mandatory here, so I've put one in.
You might want to delete and/or insert some corrections
so that I will find a matching right brace soon.
(If you're confused by all this, try typing `I}' now.)

! You can't use `\spacefactor' in math mode.
\add@accent ...}\accent #1 #2\egroup \spacefactor 
                                                  \accent@spacefactor 
l.8 ...7}{Planarit√§t\relax }{definitioncont.4}{}}
                                                  
Sorry, but I'm not programmed to handle this case;
I'll just pretend that you didn't ask for it.
If you're in the wrong mode, you might be able to
return to the right one by typing `I}' or `I$' or `I\par'.

! Extra \endcsname.
\@ifundefined ...dafter \ifx \csname #1\endcsname 
                                                  \relax \expandafter \@firs...
l.8 ...7}{Planarit√§t\relax }{definitioncont.4}{}}
                                                  
I'm ignoring this, since I wasn't doing a \csname.

! Undefined control sequence.
<argument> r@Planarit\IeC 
                          {\"a}t
l.8 ...7}{Planarit√§t\relax }{definitioncont.4}{}}
                                                  
The control sequence at the end of the top line
of your error message was never \def'ed. If you have
misspelled it (e.g., `\hobx'), type `I' and the correct
spelling (e.g., `I\hbox'). Otherwise just continue,
and I'll forget about whatever was undefined.

! Missing \endcsname inserted.
<to be read again> 
                   \protect 
l.8 ...7}{Planarit√§t\relax }{definitioncont.4}{}}
                                                  
The control sequence marked <to be read again> should
not appear between \csname and \endcsname.


LaTeX Warning: Command \" invalid in math mode on input line 8.


LaTeX Warning: Command \" invalid in math mode on input line 8.

! Please use \mathaccent for accents in math mode.
\add@accent ...@spacefactor \spacefactor }\accent 
                                                  #1 #2\egroup \spacefactor ...
l.8 ...7}{Planarit√§t\relax }{definitioncont.4}{}}
                                                  
I'm changing \accent to \mathaccent here; wish me luck.
(Accents are not the same in formulas as they are in text.)

! Missing { inserted.
<to be read again> 
                   \edef 
l.8 ...7}{Planarit√§t\relax }{definitioncont.4}{}}
                                                  
A left brace was mandatory here, so I've put one in.
You might want to delete and/or insert some corrections
so that I will find a matching right brace soon.
(If you're confused by all this, try typing `I}' now.)

! You can't use `\spacefactor' in math mode.
\add@accent ...}\accent #1 #2\egroup \spacefactor 
                                                  \accent@spacefactor 
l.8 ...7}{Planarit√§t\relax }{definitioncont.4}{}}
                                                  
Sorry, but I'm not programmed to handle this case;
I'll just pretend that you didn't ask for it.
If you're in the wrong mode, you might be able to
return to the right one by typing `I}' or `I$' or `I\par'.


LaTeX Warning: Command \" invalid in math mode on input line 8.

! Please use \mathaccent for accents in math mode.
\add@accent ...@spacefactor \spacefactor }\accent 
                                                  #1 #2\egroup \spacefactor ...
l.8 ...7}{Planarit√§t\relax }{definitioncont.4}{}}
                                                  
I'm changing \accent to \mathaccent here; wish me luck.
(Accents are not the same in formulas as they are in text.)

! Missing { inserted.
<to be read again> 
                   \edef 
l.8 ...7}{Planarit√§t\relax }{definitioncont.4}{}}
                                                  
A left brace was mandatory here, so I've put one in.
You might want to delete and/or insert some corrections
so that I will find a matching right brace soon.
(If you're confused by all this, try typing `I}' now.)

! You can't use `\spacefactor' in math mode.
\add@accent ...}\accent #1 #2\egroup \spacefactor 
                                                  \accent@spacefactor 
l.8 ...7}{Planarit√§t\relax }{definitioncont.4}{}}
                                                  
Sorry, but I'm not programmed to handle this case;
I'll just pretend that you didn't ask for it.
If you're in the wrong mode, you might be able to
return to the right one by typing `I}' or `I$' or `I\par'.

! Extra \endcsname.
\@namedef ...xpandafter \def \csname #1\endcsname 
                                                  
l.8 ...7}{Planarit√§t\relax }{definitioncont.4}{}}
                                                  
I'm ignoring this, since I wasn't doing a \csname.

! Undefined control sequence.
<argument> r@Facette, Au\IeC 
                             {\ss }enfacette
l.9 ... Au√üenfacette\relax }{definitioncont.5}{}}
                                                  
The control sequence at the end of the top line
of your error message was never \def'ed. If you have
misspelled it (e.g., `\hobx'), type `I' and the correct
spelling (e.g., `I\hbox'). Otherwise just continue,
and I'll forget about whatever was undefined.

! Missing \endcsname inserted.
<to be read again> 
                   \protect 
l.9 ... Au√üenfacette\relax }{definitioncont.5}{}}
                                                  
The control sequence marked <to be read again> should
not appear between \csname and \endcsname.


LaTeX Warning: Command \ss invalid in math mode on input line 9.


LaTeX Warning: Command \ss invalid in math mode on input line 9.

! Extra \endcsname.
\@ifundefined ...dafter \ifx \csname #1\endcsname 
                                                  \relax \expandafter \@firs...
l.9 ... Au√üenfacette\relax }{definitioncont.5}{}}
                                                  
I'm ignoring this, since I wasn't doing a \csname.

! Undefined control sequence.
<argument> r@Facette, Au\IeC 
                             {\ss }enfacette
l.9 ... Au√üenfacette\relax }{definitioncont.5}{}}
                                                  
The control sequence at the end of the top line
of your error message was never \def'ed. If you have
misspelled it (e.g., `\hobx'), type `I' and the correct
spelling (e.g., `I\hbox'). Otherwise just continue,
and I'll forget about whatever was undefined.

! Missing \endcsname inserted.
<to be read again> 
                   \protect 
l.9 ... Au√üenfacette\relax }{definitioncont.5}{}}
                                                  
The control sequence marked <to be read again> should
not appear between \csname and \endcsname.


LaTeX Warning: Command \ss invalid in math mode on input line 9.


LaTeX Warning: Command \ss invalid in math mode on input line 9.


LaTeX Warning: Command \ss invalid in math mode on input line 9.

! Extra \endcsname.
\@namedef ...xpandafter \def \csname #1\endcsname 
                                                  
l.9 ... Au√üenfacette\relax }{definitioncont.5}{}}
                                                  
I'm ignoring this, since I wasn't doing a \csname.

! Extra }, or forgotten $.
\@newl@bel ...ined}}\global \@namedef {#1@#2}{#3}}
                                                  
l.9 ... Au√üenfacette\relax }{definitioncont.5}{}}
                                                  
I've deleted a group-closing symbol because it seems to be
spurious, as in `$x}$'. But perhaps the } is legitimate and
you forgot something else, as in `\hbox{$x}'. In such cases
the way to recover is to insert both the forgotten and the
deleted material, e.g., by typing `I$}'.

! Undefined control sequence.
<argument> r@F\IeC 
                   {\"a}rbung, Farben, G\IeC {\"u}ltigkeit
l.11 ..., G√ºltigkeit\relax }{definitioncont.7}{}}
                                                  
The control sequence at the end of the top line
of your error message was never \def'ed. If you have
misspelled it (e.g., `\hobx'), type `I' and the correct
spelling (e.g., `I\hbox'). Otherwise just continue,
and I'll forget about whatever was undefined.

! Missing \endcsname inserted.
<to be read again> 
                   \protect 
l.11 ..., G√ºltigkeit\relax }{definitioncont.7}{}}
                                                  
The control sequence marked <to be read again> should
not appear between \csname and \endcsname.


LaTeX Warning: Command \" invalid in math mode on input line 11.


LaTeX Warning: Command \" invalid in math mode on input line 11.

! Please use \mathaccent for accents in math mode.
\add@accent ...@spacefactor \spacefactor }\accent 
                                                  #1 #2\egroup \spacefactor ...
l.11 ..., G√ºltigkeit\relax }{definitioncont.7}{}}
                                                  
I'm changing \accent to \mathaccent here; wish me luck.
(Accents are not the same in formulas as they are in text.)

! Missing { inserted.
<to be read again> 
                   \edef 
l.11 ..., G√ºltigkeit\relax }{definitioncont.7}{}}
                                                  
A left brace was mandatory here, so I've put one in.
You might want to delete and/or insert some corrections
so that I will find a matching right brace soon.
(If you're confused by all this, try typing `I}' now.)

! You can't use `\spacefactor' in math mode.
\add@accent ...}\accent #1 #2\egroup \spacefactor 
                                                  \accent@spacefactor 
l.11 ..., G√ºltigkeit\relax }{definitioncont.7}{}}
                                                  
Sorry, but I'm not programmed to handle this case;
I'll just pretend that you didn't ask for it.
If you're in the wrong mode, you might be able to
return to the right one by typing `I}' or `I$' or `I\par'.

! Undefined control sequence.
<argument> r@F\IeC {\"a}rbung, Farben, G\IeC 
                                             {\"u}ltigkeit
l.11 ..., G√ºltigkeit\relax }{definitioncont.7}{}}
                                                  
The control sequence at the end of the top line
of your error message was never \def'ed. If you have
misspelled it (e.g., `\hobx'), type `I' and the correct
spelling (e.g., `I\hbox'). Otherwise just continue,
and I'll forget about whatever was undefined.


LaTeX Warning: Command \" invalid in math mode on input line 11.


LaTeX Warning: Command \" invalid in math mode on input line 11.

! Please use \mathaccent for accents in math mode.
\add@accent ...@spacefactor \spacefactor }\accent 
                                                  #1 #2\egroup \spacefactor ...
l.11 ..., G√ºltigkeit\relax }{definitioncont.7}{}}
                                                  
I'm changing \accent to \mathaccent here; wish me luck.
(Accents are not the same in formulas as they are in text.)

! Missing { inserted.
<to be read again> 
                   \edef 
l.11 ..., G√ºltigkeit\relax }{definitioncont.7}{}}
                                                  
A left brace was mandatory here, so I've put one in.
You might want to delete and/or insert some corrections
so that I will find a matching right brace soon.
(If you're confused by all this, try typing `I}' now.)

! You can't use `\spacefactor' in math mode.
\add@accent ...}\accent #1 #2\egroup \spacefactor 
                                                  \accent@spacefactor 
l.11 ..., G√ºltigkeit\relax }{definitioncont.7}{}}
                                                  
Sorry, but I'm not programmed to handle this case;
I'll just pretend that you didn't ask for it.
If you're in the wrong mode, you might be able to
return to the right one by typing `I}' or `I$' or `I\par'.

! Extra \endcsname.
\@ifundefined ...dafter \ifx \csname #1\endcsname 
                                                  \relax \expandafter \@firs...
l.11 ..., G√ºltigkeit\relax }{definitioncont.7}{}}
                                                  
I'm ignoring this, since I wasn't doing a \csname.

! Undefined control sequence.
<argument> r@F\IeC 
                   {\"a}rbung, Farben, G\IeC {\"u}ltigkeit
l.11 ..., G√ºltigkeit\relax }{definitioncont.7}{}}
                                                  
The control sequence at the end of the top line
of your error message was never \def'ed. If you have
misspelled it (e.g., `\hobx'), type `I' and the correct
spelling (e.g., `I\hbox'). Otherwise just continue,
and I'll forget about whatever was undefined.

! Missing \endcsname inserted.
<to be read again> 
                   \protect 
l.11 ..., G√ºltigkeit\relax }{definitioncont.7}{}}
                                                  
The control sequence marked <to be read again> should
not appear between \csname and \endcsname.


LaTeX Warning: Command \" invalid in math mode on input line 11.


LaTeX Warning: Command \" invalid in math mode on input line 11.

! Please use \mathaccent for accents in math mode.
\add@accent ...@spacefactor \spacefactor }\accent 
                                                  #1 #2\egroup \spacefactor ...
l.11 ..., G√ºltigkeit\relax }{definitioncont.7}{}}
                                                  
I'm changing \accent to \mathaccent here; wish me luck.
(Accents are not the same in formulas as they are in text.)

! Missing { inserted.
<to be read again> 
                   \edef 
l.11 ..., G√ºltigkeit\relax }{definitioncont.7}{}}
                                                  
A left brace was mandatory here, so I've put one in.
You might want to delete and/or insert some corrections
so that I will find a matching right brace soon.
(If you're confused by all this, try typing `I}' now.)

! You can't use `\spacefactor' in math mode.
\add@accent ...}\accent #1 #2\egroup \spacefactor 
                                                  \accent@spacefactor 
l.11 ..., G√ºltigkeit\relax }{definitioncont.7}{}}
                                                  
Sorry, but I'm not programmed to handle this case;
I'll just pretend that you didn't ask for it.
If you're in the wrong mode, you might be able to
return to the right one by typing `I}' or `I$' or `I\par'.


LaTeX Warning: Command \" invalid in math mode on input line 11.

! Please use \mathaccent for accents in math mode.
\add@accent ...@spacefactor \spacefactor }\accent 
                                                  #1 #2\egroup \spacefactor ...
l.11 ..., G√ºltigkeit\relax }{definitioncont.7}{}}
                                                  
I'm changing \accent to \mathaccent here; wish me luck.
(Accents are not the same in formulas as they are in text.)

! Missing { inserted.
<to be read again> 
                   \edef 
l.11 ..., G√ºltigkeit\relax }{definitioncont.7}{}}
                                                  
A left brace was mandatory here, so I've put one in.
You might want to delete and/or insert some corrections
so that I will find a matching right brace soon.
(If you're confused by all this, try typing `I}' now.)

! You can't use `\spacefactor' in math mode.
\add@accent ...}\accent #1 #2\egroup \spacefactor 
                                                  \accent@spacefactor 
l.11 ..., G√ºltigkeit\relax }{definitioncont.7}{}}
                                                  
Sorry, but I'm not programmed to handle this case;
I'll just pretend that you didn't ask for it.
If you're in the wrong mode, you might be able to
return to the right one by typing `I}' or `I$' or `I\par'.

! Undefined control sequence.
<argument> r@F\IeC {\"a}rbung, Farben, G\IeC 
                                             {\"u}ltigkeit
l.11 ..., G√ºltigkeit\relax }{definitioncont.7}{}}
                                                  
The control sequence at the end of the top line
of your error message was never \def'ed. If you have
misspelled it (e.g., `\hobx'), type `I' and the correct
spelling (e.g., `I\hbox'). Otherwise just continue,
and I'll forget about whatever was undefined.


LaTeX Warning: Command \" invalid in math mode on input line 11.


LaTeX Warning: Command \" invalid in math mode on input line 11.

! Please use \mathaccent for accents in math mode.
\add@accent ...@spacefactor \spacefactor }\accent 
                                                  #1 #2\egroup \spacefactor ...
l.11 ..., G√ºltigkeit\relax }{definitioncont.7}{}}
                                                  
I'm changing \accent to \mathaccent here; wish me luck.
(Accents are not the same in formulas as they are in text.)

! Missing { inserted.
<to be read again> 
                   \edef 
l.11 ..., G√ºltigkeit\relax }{definitioncont.7}{}}
                                                  
A left brace was mandatory here, so I've put one in.
You might want to delete and/or insert some corrections
so that I will find a matching right brace soon.
(If you're confused by all this, try typing `I}' now.)

! You can't use `\spacefactor' in math mode.
\add@accent ...}\accent #1 #2\egroup \spacefactor 
                                                  \accent@spacefactor 
l.11 ..., G√ºltigkeit\relax }{definitioncont.7}{}}
                                                  
Sorry, but I'm not programmed to handle this case;
I'll just pretend that you didn't ask for it.
If you're in the wrong mode, you might be able to
return to the right one by typing `I}' or `I$' or `I\par'.

! Extra \endcsname.
\@namedef ...xpandafter \def \csname #1\endcsname 
                                                  
l.11 ..., G√ºltigkeit\relax }{definitioncont.7}{}}
                                                  
I'm ignoring this, since I wasn't doing a \csname.

! Undefined control sequence.
<argument> r@$k$-F\IeC 
                       {\"a}rbbarkeit
l.12 ...-F√§rbbarkeit\relax }{definitioncont.8}{}}
                                                  
The control sequence at the end of the top line
of your error message was never \def'ed. If you have
misspelled it (e.g., `\hobx'), type `I' and the correct
spelling (e.g., `I\hbox'). Otherwise just continue,
and I'll forget about whatever was undefined.

! Missing \endcsname inserted.
<to be read again> 
                   \protect 
l.12 ...-F√§rbbarkeit\relax }{definitioncont.8}{}}
                                                  
The control sequence marked <to be read again> should
not appear between \csname and \endcsname.


LaTeX Warning: Command \" invalid in math mode on input line 12.


LaTeX Warning: Command \" invalid in math mode on input line 12.

! Please use \mathaccent for accents in math mode.
\add@accent ...@spacefactor \spacefactor }\accent 
                                                  #1 #2\egroup \spacefactor ...
l.12 ...-F√§rbbarkeit\relax }{definitioncont.8}{}}
                                                  
I'm changing \accent to \mathaccent here; wish me luck.
(Accents are not the same in formulas as they are in text.)

! Missing { inserted.
<to be read again> 
                   \edef 
l.12 ...-F√§rbbarkeit\relax }{definitioncont.8}{}}
                                                  
A left brace was mandatory here, so I've put one in.
You might want to delete and/or insert some corrections
so that I will find a matching right brace soon.
(If you're confused by all this, try typing `I}' now.)

! You can't use `\spacefactor' in math mode.
\add@accent ...}\accent #1 #2\egroup \spacefactor 
                                                  \accent@spacefactor 
l.12 ...-F√§rbbarkeit\relax }{definitioncont.8}{}}
                                                  
Sorry, but I'm not programmed to handle this case;
I'll just pretend that you didn't ask for it.
If you're in the wrong mode, you might be able to
return to the right one by typing `I}' or `I$' or `I\par'.

! Extra \endcsname.
\@ifundefined ...dafter \ifx \csname #1\endcsname 
                                                  \relax \expandafter \@firs...
l.12 ...-F√§rbbarkeit\relax }{definitioncont.8}{}}
                                                  
I'm ignoring this, since I wasn't doing a \csname.

! Undefined control sequence.
<argument> r@$k$-F\IeC 
                       {\"a}rbbarkeit
l.12 ...-F√§rbbarkeit\relax }{definitioncont.8}{}}
                                                  
The control sequence at the end of the top line
of your error message was never \def'ed. If you have
misspelled it (e.g., `\hobx'), type `I' and the correct
spelling (e.g., `I\hbox'). Otherwise just continue,
and I'll forget about whatever was undefined.

! Missing \endcsname inserted.
<to be read again> 
                   \protect 
l.12 ...-F√§rbbarkeit\relax }{definitioncont.8}{}}
                                                  
The control sequence marked <to be read again> should
not appear between \csname and \endcsname.


LaTeX Warning: Command \" invalid in math mode on input line 12.


LaTeX Warning: Command \" invalid in math mode on input line 12.

! Please use \mathaccent for accents in math mode.
\add@accent ...@spacefactor \spacefactor }\accent 
                                                  #1 #2\egroup \spacefactor ...
l.12 ...-F√§rbbarkeit\relax }{definitioncont.8}{}}
                                                  
I'm changing \accent to \mathaccent here; wish me luck.
(Accents are not the same in formulas as they are in text.)

! Missing { inserted.
<to be read again> 
                   \edef 
l.12 ...-F√§rbbarkeit\relax }{definitioncont.8}{}}
                                                  
A left brace was mandatory here, so I've put one in.
You might want to delete and/or insert some corrections
so that I will find a matching right brace soon.
(If you're confused by all this, try typing `I}' now.)

! You can't use `\spacefactor' in math mode.
\add@accent ...}\accent #1 #2\egroup \spacefactor 
                                                  \accent@spacefactor 
l.12 ...-F√§rbbarkeit\relax }{definitioncont.8}{}}
                                                  
Sorry, but I'm not programmed to handle this case;
I'll just pretend that you didn't ask for it.
If you're in the wrong mode, you might be able to
return to the right one by typing `I}' or `I$' or `I\par'.


LaTeX Warning: Command \" invalid in math mode on input line 12.

! Please use \mathaccent for accents in math mode.
\add@accent ...@spacefactor \spacefactor }\accent 
                                                  #1 #2\egroup \spacefactor ...
l.12 ...-F√§rbbarkeit\relax }{definitioncont.8}{}}
                                                  
I'm changing \accent to \mathaccent here; wish me luck.
(Accents are not the same in formulas as they are in text.)

! Missing { inserted.
<to be read again> 
                   \edef 
l.12 ...-F√§rbbarkeit\relax }{definitioncont.8}{}}
                                                  
A left brace was mandatory here, so I've put one in.
You might want to delete and/or insert some corrections
so that I will find a matching right brace soon.
(If you're confused by all this, try typing `I}' now.)

! You can't use `\spacefactor' in math mode.
\add@accent ...}\accent #1 #2\egroup \spacefactor 
                                                  \accent@spacefactor 
l.12 ...-F√§rbbarkeit\relax }{definitioncont.8}{}}
                                                  
Sorry, but I'm not programmed to handle this case;
I'll just pretend that you didn't ask for it.
If you're in the wrong mode, you might be able to
return to the right one by typing `I}' or `I$' or `I\par'.

! Extra \endcsname.
\@namedef ...xpandafter \def \csname #1\endcsname 
                                                  
l.12 ...-F√§rbbarkeit\relax }{definitioncont.8}{}}
                                                  
I'm ignoring this, since I wasn't doing a \csname.

! Missing } inserted.
<inserted text> 
                }
l.12 ...-F√§rbbarkeit\relax }{definitioncont.8}{}}
                                                  
I've inserted something that you may have forgotten.
(See the <inserted text> above.)
With luck, this will get me unwedged. But if you
really didn't forget anything, try typing `2' now; then
my insertion and my current dilemma will both disappear.

! Missing } inserted.
<inserted text> 
                }
l.12 ...-F√§rbbarkeit\relax }{definitioncont.8}{}}
                                                  
I've inserted something that you may have forgotten.
(See the <inserted text> above.)
With luck, this will get me unwedged. But if you
really didn't forget anything, try typing `2' now; then
my insertion and my current dilemma will both disappear.

! Missing } inserted.
<inserted text> 
                }
l.12 ...-F√§rbbarkeit\relax }{definitioncont.8}{}}
                                                  
I've inserted something that you may have forgotten.
(See the <inserted text> above.)
With luck, this will get me unwedged. But if you
really didn't forget anything, try typing `2' now; then
my insertion and my current dilemma will both disappear.

! Missing } inserted.
<inserted text> 
                }
l.12 ...-F√§rbbarkeit\relax }{definitioncont.8}{}}
                                                  
I've inserted something that you may have forgotten.
(See the <inserted text> above.)
With luck, this will get me unwedged. But if you
really didn't forget anything, try typing `2' now; then
my insertion and my current dilemma will both disappear.

! Missing } inserted.
<inserted text> 
                }
l.12 ...-F√§rbbarkeit\relax }{definitioncont.8}{}}
                                                  
I've inserted something that you may have forgotten.
(See the <inserted text> above.)
With luck, this will get me unwedged. But if you
really didn't forget anything, try typing `2' now; then
my insertion and my current dilemma will both disappear.

! Missing } inserted.
<inserted text> 
                }
l.12 ...-F√§rbbarkeit\relax }{definitioncont.8}{}}
                                                  
I've inserted something that you may have forgotten.
(See the <inserted text> above.)
With luck, this will get me unwedged. But if you
really didn't forget anything, try typing `2' now; then
my insertion and my current dilemma will both disappear.

! Missing } inserted.
<inserted text> 
                }
l.12 ...-F√§rbbarkeit\relax }{definitioncont.8}{}}
                                                  
I've inserted something that you may have forgotten.
(See the <inserted text> above.)
With luck, this will get me unwedged. But if you
really didn't forget anything, try typing `2' now; then
my insertion and my current dilemma will both disappear.

Missing character: There is no Ë in font cmex10!
Missing character: There is no Ë in font cmex10!
Missing character: There is no Ë in font cmex10!
Missing character: There is no Ë in font cmex10!
Missing character: There is no Ë in font cmex10!
Missing character: There is no Ë in font cmex10!
Missing character: There is no √ in font cmr10!
Missing character: There is no § in font cmr10!
Missing character: There is no √ in font cmr10!
Missing character: There is no ü in font cmr10!
Missing character: There is no Ë in font cmex10!
Missing character: There is no Ë in font cmex10!
Missing character: There is no Ë in font cmex10!
Missing character: There is no Ë in font cmex10!
Missing character: There is no Ë in font cmex10!
Missing character: There is no √ in font cmr10!
Missing character: There is no § in font cmr10!
Missing character: There is no √ in font cmr10!
Missing character: There is no º in font cmr10!
Missing character: There is no Ë in font cmex10!
Missing character: There is no Ë in font cmex10!
Missing character: There is no Ë in font cmex10!
Missing character: There is no k in font nullfont!
! Extra }, or forgotten $.
<argument> {8}{7}{$k$-F√§rbbarkeit\relax }
                                          {definitioncont.8}{}
l.12 ...-F√§rbbarkeit\relax }{definitioncont.8}{}}
                                                  
I've deleted a group-closing symbol because it seems to be
spurious, as in `$x}$'. But perhaps the } is legitimate and
you forgot something else, as in `\hbox{$x}'. In such cases
the way to recover is to insert both the forgotten and the
deleted material, e.g., by typing `I$}'.

! Extra }, or forgotten $.
\@newl@bel ...fined}}\global \@namedef {#1@#2}{#3}
                                                  }
l.12 ...-F√§rbbarkeit\relax }{definitioncont.8}{}}
                                                  
I've deleted a group-closing symbol because it seems to be
spurious, as in `$x}$'. But perhaps the } is legitimate and
you forgot something else, as in `\hbox{$x}'. In such cases
the way to recover is to insert both the forgotten and the
deleted material, e.g., by typing `I$}'.

! Extra }, or forgotten $.
\@newl@bel ...ined}}\global \@namedef {#1@#2}{#3}}
                                                  
l.12 ...-F√§rbbarkeit\relax }{definitioncont.8}{}}
                                                  
I've deleted a group-closing symbol because it seems to be
spurious, as in `$x}$'. But perhaps the } is legitimate and
you forgot something else, as in `\hbox{$x}'. In such cases
the way to recover is to insert both the forgotten and the
deleted material, e.g., by typing `I$}'.

! Missing \endcsname inserted.
<to be read again> 
                   \setminus 
l.13 ...G\setminus Y$\relax }{definitioncont.9}{}}
                                                  
The control sequence marked <to be read again> should
not appear between \csname and \endcsname.


LaTeX Warning: Label `Teilgraph $G\setminus X$, $G\setminus Y$' multiply define
d.

! Missing \endcsname inserted.
<to be read again> 
                   \setminus 
l.13 ...G\setminus Y$\relax }{definitioncont.9}{}}
                                                  
The control sequence marked <to be read again> should
not appear between \csname and \endcsname.

! You can't use `\spacefactor' in math mode.
\@->\spacefactor 
                 \@m 
l.15 \@
       setckpt{definitionen}{
Sorry, but I'm not programmed to handle this case;
I'll just pretend that you didn't ask for it.
If you're in the wrong mode, you might be able to
return to the right one by typing `I}' or `I$' or `I\par'.


! LaTeX Error: No counter 'part' defined.

See the LaTeX manual or LaTeX Companion for explanation.
Type  H <return>  for immediate help.
 ...                                              
                                                  
l.24 \setcounter{part}{0}
                         
Your command was ignored.
Type  I <command> <return>  to replace it with another command,
or  <return>  to continue without it.


! LaTeX Error: No counter 'chapter' defined.

See the LaTeX manual or LaTeX Companion for explanation.
Type  H <return>  for immediate help.
 ...                                              
                                                  
l.25 \setcounter{chapter}{2}
                            
Your command was ignored.
Type  I <command> <return>  to replace it with another command,
or  <return>  to continue without it.


! LaTeX Error: No counter 'section' defined.

See the LaTeX manual or LaTeX Companion for explanation.
Type  H <return>  for immediate help.
 ...                                              
                                                  
l.26 \setcounter{section}{0}
                            
Your command was ignored.
Type  I <command> <return>  to replace it with another command,
or  <return>  to continue without it.


! LaTeX Error: No counter 'subsection' defined.

See the LaTeX manual or LaTeX Companion for explanation.
Type  H <return>  for immediate help.
 ...                                              
                                                  
l.27 \setcounter{subsection}{0}
                               
Your command was ignored.
Type  I <command> <return>  to replace it with another command,
or  <return>  to continue without it.


! LaTeX Error: No counter 'subsubsection' defined.

See the LaTeX manual or LaTeX Companion for explanation.
Type  H <return>  for immediate help.
 ...                                              
                                                  
l.28 \setcounter{subsubsection}{0}
                                  
Your command was ignored.
Type  I <command> <return>  to replace it with another command,
or  <return>  to continue without it.


! LaTeX Error: No counter 'paragraph' defined.

See the LaTeX manual or LaTeX Companion for explanation.
Type  H <return>  for immediate help.
 ...                                              
                                                  
l.29 \setcounter{paragraph}{0}
                              
Your command was ignored.
Type  I <command> <return>  to replace it with another command,
or  <return>  to continue without it.


! LaTeX Error: No counter 'subparagraph' defined.

See the LaTeX manual or LaTeX Companion for explanation.
Type  H <return>  for immediate help.
 ...                                              
                                                  
l.30 \setcounter{subparagraph}{0}
                                 
Your command was ignored.
Type  I <command> <return>  to replace it with another command,
or  <return>  to continue without it.


! LaTeX Error: No counter 'figure' defined.

See the LaTeX manual or LaTeX Companion for explanation.
Type  H <return>  for immediate help.
 ...                                              
                                                  
l.31 \setcounter{figure}{0}
                           
Your command was ignored.
Type  I <command> <return>  to replace it with another command,
or  <return>  to continue without it.


! LaTeX Error: No counter 'table' defined.

See the LaTeX manual or LaTeX Companion for explanation.
Type  H <return>  for immediate help.
 ...                                              
                                                  
l.32 \setcounter{table}{0}
                          
Your command was ignored.
Type  I <command> <return>  to replace it with another command,
or  <return>  to continue without it.


! LaTeX Error: No counter 'Item' defined.

See the LaTeX manual or LaTeX Companion for explanation.
Type  H <return>  for immediate help.
 ...                                              
                                                  
l.33 \setcounter{Item}{0}
                         
Your command was ignored.
Type  I <command> <return>  to replace it with another command,
or  <return>  to continue without it.


! LaTeX Error: No counter 'Hfootnote' defined.

See the LaTeX manual or LaTeX Companion for explanation.
Type  H <return>  for immediate help.
 ...                                              
                                                  
l.34 \setcounter{Hfootnote}{1}
                              
Your command was ignored.
Type  I <command> <return>  to replace it with another command,
or  <return>  to continue without it.


! LaTeX Error: No counter 'bookmark@seq@number' defined.

See the LaTeX manual or LaTeX Companion for explanation.
Type  H <return>  for immediate help.
 ...                                              
                                                  
l.35 \setcounter{bookmark@seq@number}{2}
                                        
Your command was ignored.
Type  I <command> <return>  to replace it with another command,
or  <return>  to continue without it.


! LaTeX Error: No counter 'parentequation' defined.

See the LaTeX manual or LaTeX Companion for explanation.
Type  H <return>  for immediate help.
 ...                                              
                                                  
l.36 \setcounter{parentequation}{0}
                                   
Your command was ignored.
Type  I <command> <return>  to replace it with another command,
or  <return>  to continue without it.


! LaTeX Error: No counter 'cp@cntr' defined.

See the LaTeX manual or LaTeX Companion for explanation.
Type  H <return>  for immediate help.
 ...                                              
                                                  
l.37 \setcounter{cp@cntr}{0}
                            
Your command was ignored.
Type  I <command> <return>  to replace it with another command,
or  <return>  to continue without it.


! LaTeX Error: No counter 'definitioncont' defined.

See the LaTeX manual or LaTeX Companion for explanation.
Type  H <return>  for immediate help.
 ...                                              
                                                  
l.38 \setcounter{definitioncont}{10}
                                    
Your command was ignored.
Type  I <command> <return>  to replace it with another command,
or  <return>  to continue without it.


! LaTeX Error: No counter 'satzcont' defined.

See the LaTeX manual or LaTeX Companion for explanation.
Type  H <return>  for immediate help.
 ...                                              
                                                  
l.39 \setcounter{satzcont}{0}
                             
Your command was ignored.
Type  I <command> <return>  to replace it with another command,
or  <return>  to continue without it.


! LaTeX Error: No counter 'section@level' defined.

See the LaTeX manual or LaTeX Companion for explanation.
Type  H <return>  for immediate help.
 ...                                              
                                                  
l.40 \setcounter{section@level}{0}
                                  
Your command was ignored.
Type  I <command> <return>  to replace it with another command,
or  <return>  to continue without it.

)
! Emergency stop.
<*> definitionen.aux
                    
*** (job aborted, no legal \end found)

 
Here is how much of TeX's memory you used:
 46 strings out of 493486
 632 string characters out of 3143549
 49818 words of memory out of 3000000
 3452 multiletter control sequences out of 15000+200000
 3640 words of font info for 14 fonts, out of 3000000 for 9000
 957 hyphenation exceptions out of 8191
 19i,9n,20p,205b,103s stack positions out of 5000i,500n,10000p,200000b,50000s
No pages of output.
