\BOOKMARK [0][-]{chapter.1}{Einleitung}{}% 1
\BOOKMARK [0][-]{chapter.2}{Definitionen}{}% 2
\BOOKMARK [1][-]{section.2.1}{Topologische Definitionen}{chapter.2}% 3
\BOOKMARK [1][-]{section.2.2}{Kombinatorische Definitionen}{chapter.2}% 4
\BOOKMARK [0][-]{chapter.3}{\334bergang zwischen Topologie und Kombinatorik}{}% 5
\BOOKMARK [0][-]{chapter.4}{Vor\374berlegungen}{}% 6
\BOOKMARK [1][-]{section.4.1}{Einschr\344nkungen f\374r minimale Gegenbeispiele}{chapter.4}% 7
\BOOKMARK [1][-]{section.4.2}{Die Birkhoff-Zahl}{chapter.4}% 8
\BOOKMARK [0][-]{chapter.5}{Der Beweis von Robertson, Sanders, Seymour und Thomas}{}% 9
\BOOKMARK [1][-]{section.5.1}{Konfigurationen}{chapter.5}% 10
\BOOKMARK [1][-]{section.5.2}{Reduzierbarkeit}{chapter.5}% 11
\BOOKMARK [1][-]{section.5.3}{Zwangsl\344ufigkeit}{chapter.5}% 12
\BOOKMARK [1][-]{section.5.4}{Der Algorithmus}{chapter.5}% 13
\BOOKMARK [0][-]{chapter.6}{Der Beweis von Appel und Haken}{}% 14
\BOOKMARK [1][-]{section.6.1}{Allgemeine Reduzierbarkeit}{chapter.6}% 15
\BOOKMARK [1][-]{section.6.2}{Die Konfigurationen nach Appel \046 Haken}{chapter.6}% 16
\BOOKMARK [0][-]{chapter.7}{Fazit}{}% 17
\BOOKMARK [1][-]{chapter*.2}{Literatur}{chapter.7}% 18
\BOOKMARK [0][-]{chapter.8}{Anhang}{}% 19
\BOOKMARK [1][-]{section.8.1}{Konfigurationen nach Robertson, Sanders, Seymour und Thomas}{chapter.8}% 20
